SF:lib/routes/app_router.dart
DA:4,2
DA:6,1
DA:8,3
LF:3
LH:3
end_of_record
SF:lib/main.dart
DA:5,0
DA:6,0
DA:7,0
DA:8,0
DA:14,1
DA:16,1
DA:18,1
DA:20,1
DA:21,1
DA:23,1
DA:31,1
DA:33,1
DA:34,1
DA:40,1
DA:41,2
DA:42,2
DA:46,1
DA:48,1
DA:49,1
DA:50,3
DA:51,3
DA:53,1
DA:54,1
DA:56,1
DA:58,1
DA:59,2
DA:60,3
DA:65,1
DA:66,1
LF:29
LH:25
end_of_record
SF:lib/core/di/modules/network_module.dart
DA:8,0
DA:10,0
DA:17,0
DA:18,0
LF:4
LH:0
end_of_record
SF:lib/core/di/modules/router_module.dart
DA:7,0
DA:8,0
LF:2
LH:0
end_of_record
SF:lib/core/network/dio_client.dart
DA:9,0
DA:11,0
DA:15,0
DA:17,0
DA:18,0
DA:21,0
DA:28,0
DA:33,0
DA:35,0
DA:39,0
DA:47,0
DA:53,0
DA:55,0
DA:59,0
DA:60,0
DA:61,0
DA:62,0
DA:63,0
DA:66,0
LF:19
LH:0
end_of_record
SF:lib/core/di/injector.dart
DA:5,0
DA:8,0
DA:13,0
DA:14,0
LF:4
LH:0
end_of_record
SF:lib/core/network/interceptors/logger_interceptor.dart
DA:5,0
DA:7,0
DA:13,0
DA:14,0
DA:15,0
DA:16,0
DA:17,0
DA:18,0
DA:19,0
DA:20,0
DA:21,0
DA:24,0
DA:27,0
DA:30,0
DA:31,0
DA:32,0
DA:33,0
DA:34,0
DA:35,0
DA:36,0
DA:37,0
DA:39,0
DA:42,0
DA:45,0
DA:46,0
DA:47,0
DA:48,0
DA:49,0
DA:50,0
DA:51,0
DA:52,0
DA:53,0
DA:55,0
LF:33
LH:0
end_of_record
SF:lib/core/network/exceptions/dio_client_exception.dart
DA:5,0
DA:7,0
DA:8,0
LF:3
LH:0
end_of_record
